GowinSynthesis start
Running parser ...
Analyzing Verilog file 'C:\development\papilio_gowin_pio\examples\rgb-led-blink\fpga\src\blink_led.v'
Analyzing Verilog file 'C:\development\papilio_gowin_pio\examples\rgb-led-blink\fpga\src\ws2812b.v'
Compiling module 'blink_led'("C:\development\papilio_gowin_pio\examples\rgb-led-blink\fpga\src\blink_led.v":1)
Compiling module 'ws2812b'("C:\development\papilio_gowin_pio\examples\rgb-led-blink\fpga\src\ws2812b.v":10)
WARN  (EX3791) : Expression size 32 truncated to fit in target size 10("C:\development\papilio_gowin_pio\examples\rgb-led-blink\fpga\src\ws2812b.v":81)
WARN  (EX3791) : Expression size 11 truncated to fit in target size 10("C:\development\papilio_gowin_pio\examples\rgb-led-blink\fpga\src\ws2812b.v":84)
WARN  (EX3791) : Expression size 11 truncated to fit in target size 10("C:\development\papilio_gowin_pio\examples\rgb-led-blink\fpga\src\ws2812b.v":95)
NOTE  (EX0101) : Current top module is "blink_led"
[5%] Running netlist conversion ...
Running device independent optimization ...
[10%] Optimizing Phase 0 completed
[15%] Optimizing Phase 1 completed
[25%] Optimizing Phase 2 completed
Running inference ...
[30%] Inferring Phase 0 completed
[40%] Inferring Phase 1 completed
[50%] Inferring Phase 2 completed
[55%] Inferring Phase 3 completed
Running technical mapping ...
[60%] Tech-Mapping Phase 0 completed
[65%] Tech-Mapping Phase 1 completed
[75%] Tech-Mapping Phase 2 completed
[80%] Tech-Mapping Phase 3 completed
[90%] Tech-Mapping Phase 4 completed
[95%] Generate netlist file "C:\development\papilio_gowin_pio\examples\rgb-led-blink\fpga\impl\gwsynthesis\rgb_led.vg" completed
[100%] Generate report file "C:\development\papilio_gowin_pio\examples\rgb-led-blink\fpga\impl\gwsynthesis\rgb_led_syn.rpt.html" completed
GowinSynthesis finish
