Reading netlist file: "C:\development\papilio_gowin_pio\examples\rgb-led-blink\fpga\impl\gwsynthesis\rgb_led.vg"
Parsing netlist file "C:\development\papilio_gowin_pio\examples\rgb-led-blink\fpga\impl\gwsynthesis\rgb_led.vg" completed
Processing netlist completed
Reading constraint file: "C:\development\papilio_gowin_pio\examples\rgb-led-blink\fpga\constraints\pins.cst"
Physical Constraint parsed completed
Running placement......
[10%] Placement Phase 0 completed
[20%] Placement Phase 1 completed
[30%] Placement Phase 2 completed
WARN  (TA1132) :  'clk' was determined to be a clock but was not created.
[50%] Placement Phase 3 completed
Running routing......
[60%] Routing Phase 0 completed
[70%] Routing Phase 1 completed
[80%] Routing Phase 2 completed
[90%] Routing Phase 3 completed
Running timing analysis......
[95%] Timing analysis completed
Placement and routing completed
Bitstream generation in progress......
Bitstream generation completed
Running power analysis......
[100%] Power analysis completed
Generate file "C:\development\papilio_gowin_pio\examples\rgb-led-blink\fpga\impl\pnr\rgb_led.power.html" completed
Generate file "C:\development\papilio_gowin_pio\examples\rgb-led-blink\fpga\impl\pnr\rgb_led.pin.html" completed
Generate file "C:\development\papilio_gowin_pio\examples\rgb-led-blink\fpga\impl\pnr\rgb_led.rpt.html" completed
Generate file "C:\development\papilio_gowin_pio\examples\rgb-led-blink\fpga\impl\pnr\rgb_led.rpt.txt" completed
Generate file "C:\development\papilio_gowin_pio\examples\rgb-led-blink\fpga\impl\pnr\rgb_led.tr.html" completed
Mon Dec 29 09:43:30 2025

